#
# There is insufficient memory for the Java Runtime Environment to continue.
# Native memory allocation (malloc) failed to allocate 665136 bytes for Chunk::new
# Possible reasons:
#   The system is out of physical RAM or swap space
#   In 32 bit mode, the process size limit was hit
# Possible solutions:
#   Reduce memory load on the system
#   Increase physical memory or swap space
#   Check if swap backing store is full
#   Use 64 bit Java on a 64 bit OS
#   Decrease Java heap size (-Xmx/-Xms)
#   Decrease number of Java threads
#   Decrease Java thread stack sizes (-Xss)
#   Set larger code cache with -XX:ReservedCodeCacheSize=
# This output file may be truncated or incomplete.
#
#  Out of Memory Error (allocation.cpp:390), pid=36040, tid=0x000000000000871c
#
# JRE version: Java(TM) SE Runtime Environment (8.0_161-b12) (build 1.8.0_161-b12)
# Java VM: Java HotSpot(TM) 64-Bit Server VM (25.161-b12 mixed mode windows-amd64 compressed oops)
# Failed to write core dump. Minidumps are not enabled by default on client versions of Windows
#

---------------  T H R E A D  ---------------

Current thread (0x000000001a279800):  JavaThread "C2 CompilerThread0" daemon [_thread_in_native, id=34588, stack(0x000000001bc70000,0x000000001bd70000)]

Stack: [0x000000001bc70000,0x000000001bd70000]
[error occurred during error reporting (printing stack bounds), id 0xc0000005]

Native frames: (J=compiled Java code, j=interpreted, Vv=VM code, C=native code)


Current CompileTask:
C2:   1544 1570   !   4       java.lang.ClassLoader::loadClass (122 bytes)


---------------  P R O C E S S  ---------------

Java Threads: ( => current thread )
  0x000000001b795800 JavaThread "Monitor Ctrl-Break" daemon [_thread_in_native, id=35344, stack(0x000000001c230000,0x000000001c330000)]
  0x000000001b700800 JavaThread "Service Thread" daemon [_thread_blocked, id=29664, stack(0x000000001bf70000,0x000000001c070000)]
  0x000000001b697000 JavaThread "C1 CompilerThread2" daemon [_thread_blocked, id=27508, stack(0x000000001be70000,0x000000001bf70000)]
  0x000000001a27e000 JavaThread "C2 CompilerThread1" daemon [_thread_in_native, id=33752, stack(0x000000001bd70000,0x000000001be70000)]
=>0x000000001a279800 JavaThread "C2 CompilerThread0" daemon [_thread_in_native, id=34588, stack(0x000000001bc70000,0x000000001bd70000)]
  0x000000001a22e800 JavaThread "Attach Listener" daemon [_thread_blocked, id=5576, stack(0x000000001bb70000,0x000000001bc70000)]
  0x000000001a22e000 JavaThread "Signal Dispatcher" daemon [_thread_blocked, id=36644, stack(0x000000001ba70000,0x000000001bb70000)]
  0x00000000056de800 JavaThread "Finalizer" daemon [_thread_blocked, id=34300, stack(0x000000001b470000,0x000000001b570000)]
  0x00000000056d2000 JavaThread "Reference Handler" daemon [_thread_blocked, id=36272, stack(0x000000001b370000,0x000000001b470000)]
  0x00000000055de000 JavaThread "main" [_thread_in_vm, id=33172, stack(0x00000000054a0000,0x00000000055a0000)]

Other Threads:
  0x000000001a1e7000 VMThread [stack: 0x000000001b270000,0x000000001b370000] [id=36588]
  0x000000001b6c8000 WatcherThread [stack: 0x000000001c070000,0x000000001c170000] [id=31636]

VM state:not at safepoint (normal execution)

VM Mutex/Monitor currently owned by a thread: None

Heap:
 PSYoungGen      total 38400K, used 13174K [0x00000000d5e00000, 0x00000000d9a80000, 0x0000000100000000)
  eden space 33280K, 24% used [0x00000000d5e00000,0x00000000d65e4a68,0x00000000d7e80000)
  from space 5120K, 99% used [0x00000000d7e80000,0x00000000d8378db8,0x00000000d8380000)
  to   space 5120K, 0% used [0x00000000d9580000,0x00000000d9580000,0x00000000d9a80000)
 ParOldGen       total 51200K, used 3905K [0x0000000081a00000, 0x0000000084c00000, 0x00000000d5e00000)
  object space 51200K, 7% used [0x0000000081a00000,0x0000000081dd0780,0x0000000084c00000)
 Metaspace       used 14864K, capacity 15094K, committed 15232K, reserved 1064960K
  class space    used 1829K, capacity 1907K, committed 1920K, reserved 1048576K

Card table byte_map: [0x0000000014aa0000,0x0000000014ea0000] byte_map_base: 0x0000000014693000

Marking Bits: (ParMarkBitMap*) 0x000000006672f860
 Begin Bits: [0x0000000015550000, 0x00000000174e8000)
 End Bits:   [0x00000000174e8000, 0x0000000019480000)

Polling page: 0x00000000034a0000

CodeCache: size=245760Kb used=5587Kb max_used=5587Kb free=240172Kb
 bounds [0x00000000056e0000, 0x0000000005c60000, 0x00000000146e0000]
 total_blobs=1937 nmethods=1581 adapters=268
 compilation: enabled

Compilation events (10 events):
Event: 1.530 Thread 0x000000001b697000 1580       3       java.lang.StringBuilder::append (8 bytes)
Event: 1.530 Thread 0x000000001b697000 nmethod 1580 0x0000000005c4e610 code [0x0000000005c4e780, 0x0000000005c4e908]
Event: 1.531 Thread 0x000000001b697000 1581       3       java.nio.charset.Charset::atBugLevel (44 bytes)
Event: 1.531 Thread 0x000000001b697000 nmethod 1581 0x0000000005c55cd0 code [0x0000000005c55e80, 0x0000000005c56418]
Event: 1.531 Thread 0x000000001b697000 1582       3       java.util.regex.Pattern$Curly::match (86 bytes)
Event: 1.531 Thread 0x000000001b697000 nmethod 1582 0x0000000005c565d0 code [0x0000000005c56780, 0x0000000005c56d78]
Event: 1.531 Thread 0x000000001b697000 1583       3       java.lang.AbstractStringBuilder::append (50 bytes)
Event: 1.532 Thread 0x000000001b697000 nmethod 1583 0x0000000005c56f10 code [0x0000000005c570e0, 0x0000000005c57838]
Event: 1.537 Thread 0x000000001b697000 1584       3       org.apache.maven.model.io.xpp3.MavenXpp3Reader::checkFieldWithDuplicate (75 bytes)
Event: 1.537 Thread 0x000000001b697000 nmethod 1584 0x0000000005c57b50 code [0x0000000005c57da0, 0x0000000005c58b18]

GC Heap History (8 events):
Event: 0.844 GC heap before
{Heap before GC invocations=1 (full 0):
 PSYoungGen      total 38400K, used 33280K [0x00000000d5e00000, 0x00000000d8880000, 0x0000000100000000)
  eden space 33280K, 100% used [0x00000000d5e00000,0x00000000d7e80000,0x00000000d7e80000)
  from space 5120K, 0% used [0x00000000d8380000,0x00000000d8380000,0x00000000d8880000)
  to   space 5120K, 0% used [0x00000000d7e80000,0x00000000d7e80000,0x00000000d8380000)
 ParOldGen       total 87552K, used 0K [0x0000000081a00000, 0x0000000086f80000, 0x00000000d5e00000)
  object space 87552K, 0% used [0x0000000081a00000,0x0000000081a00000,0x0000000086f80000)
 Metaspace       used 8923K, capacity 9096K, committed 9216K, reserved 1056768K
  class space    used 1097K, capacity 1180K, committed 1280K, reserved 1048576K
Event: 0.850 GC heap after
Heap after GC invocations=1 (full 0):
 PSYoungGen      total 38400K, used 5105K [0x00000000d5e00000, 0x00000000d8880000, 0x0000000100000000)
  eden space 33280K, 0% used [0x00000000d5e00000,0x00000000d5e00000,0x00000000d7e80000)
  from space 5120K, 99% used [0x00000000d7e80000,0x00000000d837c638,0x00000000d8380000)
  to   space 5120K, 0% used [0x00000000d8380000,0x00000000d8380000,0x00000000d8880000)
 ParOldGen       total 87552K, used 434K [0x0000000081a00000, 0x0000000086f80000, 0x00000000d5e00000)
  object space 87552K, 0% used [0x0000000081a00000,0x0000000081a6cb20,0x0000000086f80000)
 Metaspace       used 8923K, capacity 9096K, committed 9216K, reserved 1056768K
  class space    used 1097K, capacity 1180K, committed 1280K, reserved 1048576K
}
Event: 0.961 GC heap before
{Heap before GC invocations=2 (full 0):
 PSYoungGen      total 38400K, used 14005K [0x00000000d5e00000, 0x00000000d8880000, 0x0000000100000000)
  eden space 33280K, 26% used [0x00000000d5e00000,0x00000000d66b0ee0,0x00000000d7e80000)
  from space 5120K, 99% used [0x00000000d7e80000,0x00000000d837c638,0x00000000d8380000)
  to   space 5120K, 0% used [0x00000000d8380000,0x00000000d8380000,0x00000000d8880000)
 ParOldGen       total 87552K, used 434K [0x0000000081a00000, 0x0000000086f80000, 0x00000000d5e00000)
  object space 87552K, 0% used [0x0000000081a00000,0x0000000081a6cb20,0x0000000086f80000)
 Metaspace       used 9685K, capacity 9870K, committed 9984K, reserved 1062912K
  class space    used 1173K, capacity 1245K, committed 1280K, reserved 1048576K
Event: 0.965 GC heap after
Heap after GC invocations=2 (full 0):
 PSYoungGen      total 38400K, used 3556K [0x00000000d5e00000, 0x00000000d8880000, 0x0000000100000000)
  eden space 33280K, 0% used [0x00000000d5e00000,0x00000000d5e00000,0x00000000d7e80000)
  from space 5120K, 69% used [0x00000000d8380000,0x00000000d86f9068,0x00000000d8880000)
  to   space 5120K, 0% used [0x00000000d7e80000,0x00000000d7e80000,0x00000000d8380000)
 ParOldGen       total 87552K, used 442K [0x0000000081a00000, 0x0000000086f80000, 0x00000000d5e00000)
  object space 87552K, 0% used [0x0000000081a00000,0x0000000081a6eb20,0x0000000086f80000)
 Metaspace       used 9685K, capacity 9870K, committed 9984K, reserved 1062912K
  class space    used 1173K, capacity 1245K, committed 1280K, reserved 1048576K
}
Event: 0.965 GC heap before
{Heap before GC invocations=3 (full 1):
 PSYoungGen      total 38400K, used 3556K [0x00000000d5e00000, 0x00000000d8880000, 0x0000000100000000)
  eden space 33280K, 0% used [0x00000000d5e00000,0x00000000d5e00000,0x00000000d7e80000)
  from space 5120K, 69% used [0x00000000d8380000,0x00000000d86f9068,0x00000000d8880000)
  to   space 5120K, 0% used [0x00000000d7e80000,0x00000000d7e80000,0x00000000d8380000)
 ParOldGen       total 87552K, used 442K [0x0000000081a00000, 0x0000000086f80000, 0x00000000d5e00000)
  object space 87552K, 0% used [0x0000000081a00000,0x0000000081a6eb20,0x0000000086f80000)
 Metaspace       used 9685K, capacity 9870K, committed 9984K, reserved 1062912K
  class space    used 1173K, capacity 1245K, committed 1280K, reserved 1048576K
Event: 0.979 GC heap after
Heap after GC invocations=3 (full 1):
 PSYoungGen      total 38400K, used 0K [0x00000000d5e00000, 0x00000000d8880000, 0x0000000100000000)
  eden space 33280K, 0% used [0x00000000d5e00000,0x00000000d5e00000,0x00000000d7e80000)
  from space 5120K, 0% used [0x00000000d8380000,0x00000000d8380000,0x00000000d8880000)
  to   space 5120K, 0% used [0x00000000d7e80000,0x00000000d7e80000,0x00000000d8380000)
 ParOldGen       total 51200K, used 3402K [0x0000000081a00000, 0x0000000084c00000, 0x00000000d5e00000)
  object space 51200K, 6% used [0x0000000081a00000,0x0000000081d52ae8,0x0000000084c00000)
 Metaspace       used 9685K, capacity 9870K, committed 9984K, reserved 1060864K
  class space    used 1173K, capacity 1245K, committed 1280K, reserved 1048576K
}
Event: 1.402 GC heap before
{Heap before GC invocations=4 (full 1):
 PSYoungGen      total 38400K, used 33280K [0x00000000d5e00000, 0x00000000d8880000, 0x0000000100000000)
  eden space 33280K, 100% used [0x00000000d5e00000,0x00000000d7e80000,0x00000000d7e80000)
  from space 5120K, 0% used [0x00000000d8380000,0x00000000d8380000,0x00000000d8880000)
  to   space 5120K, 0% used [0x00000000d7e80000,0x00000000d7e80000,0x00000000d8380000)
 ParOldGen       total 51200K, used 3402K [0x0000000081a00000, 0x0000000084c00000, 0x00000000d5e00000)
  object space 51200K, 6% used [0x0000000081a00000,0x0000000081d52ae8,0x0000000084c00000)
 Metaspace       used 13719K, capacity 13984K, committed 14208K, reserved 1062912K
  class space    used 1718K, capacity 1802K, committed 1920K, reserved 1048576K
Event: 1.407 GC heap after
Heap after GC invocations=4 (full 1):
 PSYoungGen      total 38400K, used 5091K [0x00000000d5e00000, 0x00000000d9a80000, 0x0000000100000000)
  eden space 33280K, 0% used [0x00000000d5e00000,0x00000000d5e00000,0x00000000d7e80000)
  from space 5120K, 99% used [0x00000000d7e80000,0x00000000d8378db8,0x00000000d8380000)
  to   space 5120K, 0% used [0x00000000d9580000,0x00000000d9580000,0x00000000d9a80000)
 ParOldGen       total 51200K, used 3905K [0x0000000081a00000, 0x0000000084c00000, 0x00000000d5e00000)
  object space 51200K, 7% used [0x0000000081a00000,0x0000000081dd0780,0x0000000084c00000)
 Metaspace       used 13719K, capacity 13984K, committed 14208K, reserved 1062912K
  class space    used 1718K, capacity 1802K, committed 1920K, reserved 1048576K
}

Deoptimization events (10 events):
Event: 0.990 Thread 0x00000000055de000 Uncommon trap: reason=class_check action=maybe_recompile pc=0x0000000005a39098 method=java.util.HashMap.putVal(ILjava/lang/Object;Ljava/lang/Object;ZZ)Ljava/lang/Object; @ 203
Event: 1.018 Thread 0x00000000055de000 Uncommon trap: reason=unstable_if action=reinterpret pc=0x0000000005a311b4 method=java.lang.String.lastIndexOf([CII[CIII)I @ 118
Event: 1.294 Thread 0x00000000055de000 Uncommon trap: reason=class_check action=maybe_recompile pc=0x0000000005a39098 method=java.util.HashMap.putVal(ILjava/lang/Object;Ljava/lang/Object;ZZ)Ljava/lang/Object; @ 203
Event: 1.294 Thread 0x00000000055de000 Uncommon trap: reason=class_check action=maybe_recompile pc=0x0000000005a39098 method=java.util.HashMap.putVal(ILjava/lang/Object;Ljava/lang/Object;ZZ)Ljava/lang/Object; @ 203
Event: 1.341 Thread 0x00000000055de000 Uncommon trap: reason=unstable_if action=reinterpret pc=0x0000000005a9397c method=java.util.concurrent.ConcurrentHashMap.putVal(Ljava/lang/Object;Ljava/lang/Object;Z)Ljava/lang/Object; @ 206
Event: 1.360 Thread 0x00000000055de000 Uncommon trap: reason=unstable_if action=reinterpret pc=0x0000000005b86f1c method=java.lang.ref.ReferenceQueue.poll()Ljava/lang/ref/Reference; @ 4
Event: 1.457 Thread 0x00000000055de000 Uncommon trap: reason=unstable_if action=reinterpret pc=0x0000000005a36038 method=org.codehaus.plexus.util.xml.pull.MXParser.parseStartTag()I @ 443
Event: 1.458 Thread 0x00000000055de000 Uncommon trap: reason=unstable_if action=reinterpret pc=0x00000000059b7dd4 method=sun.nio.cs.UTF_8$Decoder.decodeArrayLoop(Ljava/nio/ByteBuffer;Ljava/nio/CharBuffer;)Ljava/nio/charset/CoderResult; @ 84
Event: 1.530 Thread 0x00000000055de000 Uncommon trap: reason=unstable_if action=reinterpret pc=0x0000000005966d40 method=java.lang.AbstractStringBuilder.append(Ljava/lang/String;)Ljava/lang/AbstractStringBuilder; @ 1
Event: 1.530 Thread 0x00000000055de000 Uncommon trap: reason=unstable_if action=reinterpret pc=0x000000000591c3bc method=java.lang.AbstractStringBuilder.append(Ljava/lang/String;)Ljava/lang/AbstractStringBuilder; @ 1

Classes redefined (0 events):
No events

Internal exceptions (10 events):
Event: 0.723 Thread 0x00000000055de000 Exception <a 'java/lang/ArrayIndexOutOfBoundsException'> (0x00000000d7382880) thrown at [C:\re\workspace\8-2-build-windows-amd64-cygwin\jdk8u161\10277\hotspot\src\share\vm\runtime\sharedRuntime.cpp, line 605]
Event: 0.723 Thread 0x00000000055de000 Exception <a 'java/lang/ArrayIndexOutOfBoundsException'> (0x00000000d7383fb8) thrown at [C:\re\workspace\8-2-build-windows-amd64-cygwin\jdk8u161\10277\hotspot\src\share\vm\runtime\sharedRuntime.cpp, line 605]
Event: 0.723 Thread 0x00000000055de000 Exception <a 'java/lang/ArrayIndexOutOfBoundsException'> (0x00000000d7384cf8) thrown at [C:\re\workspace\8-2-build-windows-amd64-cygwin\jdk8u161\10277\hotspot\src\share\vm\runtime\sharedRuntime.cpp, line 605]
Event: 0.858 Thread 0x00000000055de000 Exception <a 'java/lang/ArrayIndexOutOfBoundsException': 73> (0x00000000d5e6b640) thrown at [C:\re\workspace\8-2-build-windows-amd64-cygwin\jdk8u161\10277\hotspot\src\share\vm\interpreter\interpreterRuntime.cpp, line 366]
Event: 0.858 Thread 0x00000000055de000 Exception <a 'java/lang/ArrayIndexOutOfBoundsException': 131> (0x00000000d5e6cfe8) thrown at [C:\re\workspace\8-2-build-windows-amd64-cygwin\jdk8u161\10277\hotspot\src\share\vm\interpreter\interpreterRuntime.cpp, line 366]
Event: 1.356 Thread 0x00000000055de000 Exception <a 'java/lang/NoClassDefFoundError': com/google/inject/servlet/ServletModuleTargetVisitor> (0x00000000d7c9a8c0) thrown at [C:\re\workspace\8-2-build-windows-amd64-cygwin\jdk8u161\10277\hotspot\src\share\vm\classfile\systemDictionary.cpp, line 19
Event: 1.356 Thread 0x00000000055de000 Exception <a 'java/lang/NoClassDefFoundError'> (0x00000000d7c9a8c0) thrown at [C:\re\workspace\8-2-build-windows-amd64-cygwin\jdk8u161\10277\hotspot\src\share\vm\prims\jvm.cpp, line 1394]
Event: 1.357 Thread 0x00000000055de000 Exception <a 'java/lang/NoClassDefFoundError': javax/annotation/Priority> (0x00000000d7c9fa68) thrown at [C:\re\workspace\8-2-build-windows-amd64-cygwin\jdk8u161\10277\hotspot\src\share\vm\classfile\systemDictionary.cpp, line 199]
Event: 1.530 Thread 0x00000000055de000 Implicit null exception at 0x0000000005966996 to 0x0000000005966d29
Event: 1.530 Thread 0x00000000055de000 Implicit null exception at 0x000000000591c016 to 0x000000000591c3a5

Events (10 events):
Event: 1.540 loading class org/eclipse/aether/artifact/AbstractArtifact
Event: 1.540 loading class org/eclipse/aether/artifact/AbstractArtifact done
Event: 1.541 loading class org/eclipse/aether/util/version/GenericVersionScheme
Event: 1.541 loading class org/eclipse/aether/util/version/GenericVersionScheme done
Event: 1.541 loading class org/eclipse/aether/version/VersionRange
Event: 1.541 loading class org/eclipse/aether/version/VersionRange done
Event: 1.541 loading class org/eclipse/aether/version/VersionConstraint
Event: 1.541 loading class org/eclipse/aether/version/VersionConstraint done
Event: 1.542 loading class org/eclipse/aether/util/version/GenericVersionConstraint
Event: 1.542 loading class org/eclipse/aether/util/version/GenericVersionConstraint done


Dynamic libraries:
0x00007ff6e6020000 - 0x00007ff6e6057000 	C:\Program Files\Java\jdk1.8.0_161\bin\java.exe
0x00007ffa16530000 - 0x00007ffa16710000 	C:\WINDOWS\SYSTEM32\ntdll.dll
0x00007ffa14120000 - 0x00007ffa141ce000 	C:\WINDOWS\System32\KERNEL32.DLL
0x00007ffa13640000 - 0x00007ffa138a6000 	C:\WINDOWS\System32\KERNELBASE.dll
0x00007ffa144b0000 - 0x00007ffa14551000 	C:\WINDOWS\System32\ADVAPI32.dll
0x00007ffa15ed0000 - 0x00007ffa15f6d000 	C:\WINDOWS\System32\msvcrt.dll
0x00007ffa15be0000 - 0x00007ffa15c3b000 	C:\WINDOWS\System32\sechost.dll
0x00007ffa13ba0000 - 0x00007ffa13cbf000 	C:\WINDOWS\System32\RPCRT4.dll
0x00007ffa14610000 - 0x00007ffa1479f000 	C:\WINDOWS\System32\USER32.dll
0x00007ffa13220000 - 0x00007ffa13240000 	C:\WINDOWS\System32\win32u.dll
0x00007ffa15d50000 - 0x00007ffa15d78000 	C:\WINDOWS\System32\GDI32.dll
0x00007ffa12930000 - 0x00007ffa12ac3000 	C:\WINDOWS\System32\gdi32full.dll
0x00007ffa138b0000 - 0x00007ffa1394b000 	C:\WINDOWS\System32\msvcp_win.dll
0x00007ffa132a0000 - 0x00007ffa13396000 	C:\WINDOWS\System32\ucrtbase.dll
0x00007ffa09280000 - 0x00007ffa094e9000 	C:\WINDOWS\WinSxS\amd64_microsoft.windows.common-controls_6595b64144ccf1df_6.0.16299.309_none_15cfd4c4935e6b11\COMCTL32.dll
0x00007ffa16180000 - 0x00007ffa16488000 	C:\WINDOWS\System32\combase.dll
0x00007ffa133a0000 - 0x00007ffa13412000 	C:\WINDOWS\System32\bcryptPrimitives.dll
0x00007ffa13b70000 - 0x00007ffa13b9d000 	C:\WINDOWS\System32\IMM32.DLL
0x0000000066990000 - 0x0000000066a62000 	C:\Program Files\Java\jdk1.8.0_161\jre\bin\msvcr100.dll
0x0000000065f10000 - 0x00000000667af000 	C:\Program Files\Java\jdk1.8.0_161\jre\bin\server\jvm.dll
0x00007ffa16490000 - 0x00007ffa16498000 	C:\WINDOWS\System32\PSAPI.DLL
0x00007ffa0eeb0000 - 0x00007ffa0eeb9000 	C:\WINDOWS\SYSTEM32\WSOCK32.dll
0x00007ffa04e60000 - 0x00007ffa04e83000 	C:\WINDOWS\SYSTEM32\WINMM.dll
0x00007ffa0a720000 - 0x00007ffa0a72a000 	C:\WINDOWS\SYSTEM32\VERSION.dll
0x00007ffa15f70000 - 0x00007ffa15fdc000 	C:\WINDOWS\System32\WS2_32.dll
0x00007ffa04e00000 - 0x00007ffa04e2a000 	C:\WINDOWS\SYSTEM32\winmmbase.dll
0x00007ffa135f0000 - 0x00007ffa1363a000 	C:\WINDOWS\System32\cfgmgr32.dll
0x0000000066980000 - 0x000000006698f000 	C:\Program Files\Java\jdk1.8.0_161\jre\bin\verify.dll
0x0000000066950000 - 0x0000000066979000 	C:\Program Files\Java\jdk1.8.0_161\jre\bin\java.dll
0x0000000066930000 - 0x0000000066946000 	C:\Program Files\Java\jdk1.8.0_161\jre\bin\zip.dll
0x00007ffa147a0000 - 0x00007ffa15bd6000 	C:\WINDOWS\System32\SHELL32.dll
0x00007ffa14560000 - 0x00007ffa14606000 	C:\WINDOWS\System32\shcore.dll
0x00007ffa12ad0000 - 0x00007ffa13217000 	C:\WINDOWS\System32\windows.storage.dll
0x00007ffa14340000 - 0x00007ffa14391000 	C:\WINDOWS\System32\shlwapi.dll
0x00007ffa128f0000 - 0x00007ffa12901000 	C:\WINDOWS\System32\kernel.appcore.dll
0x00007ffa128a0000 - 0x00007ffa128ec000 	C:\WINDOWS\System32\powrprof.dll
0x00007ffa12880000 - 0x00007ffa1289b000 	C:\WINDOWS\System32\profapi.dll
0x00007ffa0e2d0000 - 0x00007ffa0e2e0000 	D:\Program Files (x86)\JetBrains\IntelliJ IDEA 2016.3.1\bin\breakgen64.dll
0x0000000066910000 - 0x000000006692a000 	C:\Program Files\Java\jdk1.8.0_161\jre\bin\net.dll
0x00007ffa120b0000 - 0x00007ffa12116000 	C:\WINDOWS\system32\mswsock.dll
0x00007ffa12270000 - 0x00007ffa12287000 	C:\WINDOWS\SYSTEM32\CRYPTSP.dll
0x00007ffa11cb0000 - 0x00007ffa11ce3000 	C:\WINDOWS\system32\rsaenh.dll
0x00007ffa12370000 - 0x00007ffa12395000 	C:\WINDOWS\SYSTEM32\bcrypt.dll
0x00007ffa127b0000 - 0x00007ffa127d9000 	C:\WINDOWS\SYSTEM32\USERENV.dll
0x00007ffa12770000 - 0x00007ffa1277b000 	C:\WINDOWS\SYSTEM32\CRYPTBASE.dll
0x00007ffa11e40000 - 0x00007ffa11e79000 	C:\WINDOWS\SYSTEM32\IPHLPAPI.DLL
0x00007ffa13cc0000 - 0x00007ffa13cc8000 	C:\WINDOWS\System32\NSI.dll
0x00007ffa0dad0000 - 0x00007ffa0dae6000 	C:\WINDOWS\SYSTEM32\dhcpcsvc6.DLL
0x00007ffa0dab0000 - 0x00007ffa0daca000 	C:\WINDOWS\SYSTEM32\dhcpcsvc.DLL
0x00000000668f0000 - 0x0000000066901000 	C:\Program Files\Java\jdk1.8.0_161\jre\bin\nio.dll
0x00007ffa0c870000 - 0x00007ffa0c87a000 	C:\Users\Öì¶¬½ð\AppData\Local\Temp\jansi-1.17-4561495672804694912.dll
0x00007ff9fe530000 - 0x00007ff9fe53a000 	C:\Users\Öì¶¬½ð\AppData\Local\Temp\jansi-1.17-7803703736289816826.dll

VM Arguments:
jvm_args: -Dmaven.multiModuleProjectDirectory=D:\mydev\springCloud\web-acc -Dmaven.home=E:\software\apache-maven-3.5.3_mydev -Dclassworlds.conf=E:\software\apache-maven-3.5.3_mydev\bin\m2.conf -Didea.launcher.port=7532 -Didea.launcher.bin.path=D:\Program Files (x86)\JetBrains\IntelliJ IDEA 2016.3.1\bin -Dfile.encoding=UTF-8 
java_command: com.intellij.rt.execution.application.AppMain org.codehaus.classworlds.Launcher -Didea.version=2016.3.1 -s E:\software\apache-maven-3.5.3_mydev\conf\settings.xml clean
java_class_path (initial): E:\software\apache-maven-3.5.3_mydev\boot\plexus-classworlds-2.5.2.jar;D:\Program Files (x86)\JetBrains\IntelliJ IDEA 2016.3.1\lib\idea_rt.jar
Launcher Type: SUN_STANDARD

Environment Variables:
PATH=C:\ProgramData\Oracle\Java\javapath;C:\Program Files (x86)\Intel\iCLS Client\;C:\Program Files\Intel\iCLS Client\;C:\Windows\system32;C:\Windows;C:\Windows\System32\Wbem;C:\Windows\System32\WindowsPowerShell\v1.0\;C:\Program Files (x86)\Intel\Intel(R) Management Engine Components\DAL;C:\Program Files\Intel\Intel(R) Management Engine Components\DAL;C:\Program Files (x86)\Intel\Intel(R) Management Engine Components\IPT;C:\Program Files\Intel\Intel(R) Management Engine Components\IPT;C:\Program Files (x86)\NVIDIA Corporation\PhysX\Common;C:\WINDOWS\system32;C:\WINDOWS;C:\WINDOWS\System32\Wbem;C:\WINDOWS\System32\WindowsPowerShell\v1.0\;C:\Program Files\Git\cmd;C:\Users\Öì¶¬½ð\AppData\Local\Microsoft\WindowsApps;
USERNAME=Öì¶¬½ð
OS=Windows_NT
PROCESSOR_IDENTIFIER=Intel64 Family 6 Model 158 Stepping 9, GenuineIntel



---------------  S Y S T E M  ---------------

OS: Windows 10.0 , 64 bit Build 16299 (10.0.16299.15)

CPU:total 4 (initial active 4) (4 cores per cpu, 1 threads per core) family 6 model 158 stepping 9, cmov, cx8, fxsr, mmx, sse, sse2, sse3, ssse3, sse4.1, sse4.2, popcnt, avx, avx2, aes, clmul, erms, 3dnowpref, lzcnt, tsc, tscinvbit, bmi1, bmi2, adx

Memory: 4k page, physical 8278180k(988192k free), swap 16142496k(5148k free)

vm_info: Java HotSpot(TM) 64-Bit Server VM (25.161-b12) for windows-amd64 JRE (1.8.0_161-b12), built on Dec 19 2017 17:52:25 by "java_re" with MS VC++ 10.0 (VS2010)

time: Wed Mar 28 18:26:49 2018
elapsed time: 1 seconds (0d 0h 0m 1s)

